#
# There is insufficient memory for the Java Runtime Environment to continue.
# Native memory allocation (malloc) failed to allocate 1048576 bytes. Error detail: AllocateHeap
# Possible reasons:
#   The system is out of physical RAM or swap space
#   This process is running with CompressedOops enabled, and the Java Heap may be blocking the growth of the native heap
# Possible solutions:
#   Reduce memory load on the system
#   Increase physical memory or swap space
#   Check if swap backing store is full
#   Decrease Java heap size (-Xmx/-Xms)
#   Decrease number of Java threads
#   Decrease Java thread stack sizes (-Xss)
#   Set larger code cache with -XX:ReservedCodeCacheSize=
#   JVM is running with Unscaled Compressed Oops mode in which the Java heap is
#     placed in the first 4GB address space. The Java Heap base address is the
#     maximum limit for the native heap growth. Please use -XX:HeapBaseMinAddress
#     to set the Java Heap base and to place the Java Heap above 4GB virtual address.
# This output file may be truncated or incomplete.
#
#  Out of Memory Error (allocation.cpp:44), pid=16376, tid=7800
#
# JRE version: OpenJDK Runtime Environment Temurin-21.0.8+9 (21.0.8+9) (build 21.0.8+9-LTS)
# Java VM: OpenJDK 64-Bit Server VM Temurin-21.0.8+9 (21.0.8+9-LTS, mixed mode, sharing, tiered, compressed oops, compressed class ptrs, parallel gc, windows-amd64)
# No core dump will be written. Minidumps are not enabled by default on client versions of Windows
#

---------------  S U M M A R Y ------------

Command Line: --add-modules=ALL-SYSTEM --add-opens=java.base/java.util=ALL-UNNAMED --add-opens=java.base/java.lang=ALL-UNNAMED --add-opens=java.base/sun.nio.fs=ALL-UNNAMED -Declipse.application=org.eclipse.jdt.ls.core.id1 -Dosgi.bundles.defaultStartLevel=4 -Declipse.product=org.eclipse.jdt.ls.core.product -Djava.import.generatesMetadataFilesAtProjectRoot=false -DDetectVMInstallationsJob.disabled=true -Dfile.encoding=utf8 -XX:+UseParallelGC -XX:GCTimeRatio=4 -XX:AdaptiveSizePolicyWeight=90 -Dsun.zip.disableMemoryMapping=true -Xmx2G -Xms100m -Xlog:disable -javaagent:c:\Users\nguye\.vscode\extensions\redhat.java-1.46.0-win32-x64\lombok\lombok-1.18.39-4050.jar -XX:+HeapDumpOnOutOfMemoryError -XX:HeapDumpPath=c:\Users\nguye\AppData\Roaming\Code\User\workspaceStorage\d2f4087ab43870e242eb170e667108ed\redhat.java -Daether.dependencyCollector.impl=bf c:\Users\nguye\.vscode\extensions\redhat.java-1.46.0-win32-x64\server\plugins\org.eclipse.equinox.launcher_1.7.0.v20250519-0528.jar -configuration c:\Users\nguye\AppData\Roaming\Code\User\globalStorage\redhat.java\1.46.0\config_win -data c:\Users\nguye\AppData\Roaming\Code\User\workspaceStorage\d2f4087ab43870e242eb170e667108ed\redhat.java\jdt_ws --pipe=\\.\pipe\lsp-d0ca55a769f539050b07ef0226c3f6d9-sock

Host: Intel(R) Core(TM) i5-1035G1 CPU @ 1.00GHz, 8 cores, 7G,  Windows 11 , 64 bit Build 22621 (10.0.22621.5415)
Time: Mon Oct 27 01:58:37 2025 SE Asia Standard Time elapsed time: 5093.697604 seconds (0d 1h 24m 53s)

---------------  T H R E A D  ---------------

Current thread (0x00000208962f2710):  JavaThread "Attach Listener" daemon [_thread_in_vm, id=7800, stack(0x0000005100b00000,0x0000005100c00000) (1024K)]

Stack: [0x0000005100b00000,0x0000005100c00000]
Native frames: (J=compiled Java code, j=interpreted, Vv=VM code, C=native code)
V  [jvm.dll+0x6d2449]
V  [jvm.dll+0x8ae341]
V  [jvm.dll+0x8b08be]
V  [jvm.dll+0x8b0fa3]
V  [jvm.dll+0x280c96]
V  [jvm.dll+0xc0347]
V  [jvm.dll+0x6d2cf9]
V  [jvm.dll+0x131116]
V  [jvm.dll+0x3f2d16]
V  [jvm.dll+0x857e6b]
V  [jvm.dll+0x6d0b0d]
C  [ucrtbase.dll+0x29333]
C  [KERNEL32.DLL+0x1259d]
C  [ntdll.dll+0x5af78]


---------------  P R O C E S S  ---------------

Threads class SMR info:
_java_thread_list=0x00000208de8334a0, length=53, elements={
0x00000208fef8e4c0, 0x00000208962ecf50, 0x00000208962ef860, 0x00000208962f0e40,
0x00000208962f2710, 0x00000208962f3840, 0x00000208962f7990, 0x00000208962f93d0,
0x00000208962fd260, 0x00000208dd09e1f0, 0x00000208dd2700d0, 0x00000208dd89dea0,
0x00000208ddaf4a30, 0x00000208dd6bd660, 0x00000208dd6bdcc0, 0x00000208de136db0,
0x00000208de157b10, 0x00000208de15a900, 0x00000208de158830, 0x00000208de159550,
0x00000208e0a6f8c0, 0x00000208e0a6e510, 0x00000208e0a71990, 0x00000208e0a71300,
0x00000208e0a6ff50, 0x00000208e0a6cad0, 0x00000208e0a705e0, 0x00000208e0a6aa00,
0x00000208e0a6eba0, 0x00000208e0a6d160, 0x00000208e0a6c440, 0x00000208e0a72020,
0x00000208df664860, 0x00000208df665c10, 0x00000208df668a00, 0x00000208dfb9b580,
0x00000208ddb469d0, 0x00000208ddb49e50, 0x00000208ddb4a4e0, 0x00000208ddb4c5b0,
0x00000208ddb4b890, 0x00000208ddb4ab70, 0x00000208ddb4b200, 0x00000208de0aeb90,
0x00000208df6662a0, 0x00000208df666930, 0x00000208df667650, 0x00000208df669090,
0x00000208de0a7570, 0x00000208de0a7c00, 0x00000208de0ade70, 0x00000208dfb9d650,
0x00000208dfba1160
}

Java Threads: ( => current thread )
  0x00000208fef8e4c0 JavaThread "main"                              [_thread_blocked, id=19016, stack(0x0000005100400000,0x0000005100500000) (1024K)]
  0x00000208962ecf50 JavaThread "Reference Handler"          daemon [_thread_blocked, id=1312, stack(0x0000005100800000,0x0000005100900000) (1024K)]
  0x00000208962ef860 JavaThread "Finalizer"                  daemon [_thread_blocked, id=11680, stack(0x0000005100900000,0x0000005100a00000) (1024K)]
  0x00000208962f0e40 JavaThread "Signal Dispatcher"          daemon [_thread_blocked, id=15616, stack(0x0000005100a00000,0x0000005100b00000) (1024K)]
=>0x00000208962f2710 JavaThread "Attach Listener"            daemon [_thread_in_vm, id=7800, stack(0x0000005100b00000,0x0000005100c00000) (1024K)]
  0x00000208962f3840 JavaThread "Service Thread"             daemon [_thread_blocked, id=3356, stack(0x0000005100c00000,0x0000005100d00000) (1024K)]
  0x00000208962f7990 JavaThread "Monitor Deflation Thread"   daemon [_thread_blocked, id=6972, stack(0x0000005100d00000,0x0000005100e00000) (1024K)]
  0x00000208962f93d0 JavaThread "C2 CompilerThread0"         daemon [_thread_blocked, id=9652, stack(0x0000005100e00000,0x0000005100f00000) (1024K)]
  0x00000208962fd260 JavaThread "C1 CompilerThread0"         daemon [_thread_blocked, id=17788, stack(0x0000005100f00000,0x0000005101000000) (1024K)]
  0x00000208dd09e1f0 JavaThread "Common-Cleaner"             daemon [_thread_blocked, id=19076, stack(0x0000005101000000,0x0000005101100000) (1024K)]
  0x00000208dd2700d0 JavaThread "Notification Thread"        daemon [_thread_blocked, id=5692, stack(0x0000005101300000,0x0000005101400000) (1024K)]
  0x00000208dd89dea0 JavaThread "Active Thread: Equinox Container: 97bfe795-34b7-4b34-ace7-497fe3423a8c"        [_thread_blocked, id=24976, stack(0x0000005101b00000,0x0000005101c00000) (1024K)]
  0x00000208ddaf4a30 JavaThread "Refresh Thread: Equinox Container: 97bfe795-34b7-4b34-ace7-497fe3423a8c" daemon [_thread_blocked, id=18348, stack(0x0000005101c00000,0x0000005101d00000) (1024K)]
  0x00000208dd6bd660 JavaThread "Framework Event Dispatcher: Equinox Container: 97bfe795-34b7-4b34-ace7-497fe3423a8c" daemon [_thread_blocked, id=10392, stack(0x0000005101e00000,0x0000005101f00000) (1024K)]
  0x00000208dd6bdcc0 JavaThread "Start Level: Equinox Container: 97bfe795-34b7-4b34-ace7-497fe3423a8c" daemon [_thread_blocked, id=19592, stack(0x0000005101f00000,0x0000005102000000) (1024K)]
  0x00000208de136db0 JavaThread "Bundle File Closer"         daemon [_thread_blocked, id=15120, stack(0x0000005102000000,0x0000005102100000) (1024K)]
  0x00000208de157b10 JavaThread "SCR Component Actor"        daemon [_thread_blocked, id=18848, stack(0x0000005102100000,0x0000005102200000) (1024K)]
  0x00000208de15a900 JavaThread "Worker-JM"                         [_thread_blocked, id=17024, stack(0x0000005101400000,0x0000005101500000) (1024K)]
  0x00000208de158830 JavaThread "JNA Cleaner"                daemon [_thread_blocked, id=8724, stack(0x0000005101200000,0x0000005101300000) (1024K)]
  0x00000208de159550 JavaThread "Java indexing"              daemon [_thread_blocked, id=6532, stack(0x0000005102600000,0x0000005102700000) (1024K)]
  0x00000208e0a6f8c0 JavaThread "Thread-1"                   daemon [_thread_in_native, id=24500, stack(0x0000005102a00000,0x0000005102b00000) (1024K)]
  0x00000208e0a6e510 JavaThread "Thread-2"                   daemon [_thread_in_native, id=11948, stack(0x0000005102b00000,0x0000005102c00000) (1024K)]
  0x00000208e0a71990 JavaThread "Thread-3"                   daemon [_thread_in_native, id=20500, stack(0x0000005102c00000,0x0000005102d00000) (1024K)]
  0x00000208e0a71300 JavaThread "Thread-4"                   daemon [_thread_in_native, id=19828, stack(0x0000005102d00000,0x0000005102e00000) (1024K)]
  0x00000208e0a6ff50 JavaThread "Thread-5"                   daemon [_thread_in_native, id=14076, stack(0x0000005102e00000,0x0000005102f00000) (1024K)]
  0x00000208e0a6cad0 JavaThread "Thread-6"                   daemon [_thread_in_native, id=23112, stack(0x0000005102f00000,0x0000005103000000) (1024K)]
  0x00000208e0a705e0 JavaThread "Thread-7"                   daemon [_thread_in_native, id=7364, stack(0x0000005103000000,0x0000005103100000) (1024K)]
  0x00000208e0a6aa00 JavaThread "Thread-8"                   daemon [_thread_in_native, id=14764, stack(0x0000005103100000,0x0000005103200000) (1024K)]
  0x00000208e0a6eba0 JavaThread "Thread-9"                   daemon [_thread_in_native, id=21644, stack(0x0000005103200000,0x0000005103300000) (1024K)]
  0x00000208e0a6d160 JavaThread "pool-2-thread-1"                   [_thread_blocked, id=20692, stack(0x0000005103300000,0x0000005103400000) (1024K)]
  0x00000208e0a6c440 JavaThread "WorkspaceEventsHandler"            [_thread_blocked, id=17432, stack(0x0000005103400000,0x0000005103500000) (1024K)]
  0x00000208e0a72020 JavaThread "pool-1-thread-1"                   [_thread_blocked, id=25268, stack(0x0000005103500000,0x0000005103600000) (1024K)]
  0x00000208df664860 JavaThread "ForkJoinPool.commonPool-worker-4" daemon [_thread_blocked, id=23760, stack(0x0000005103800000,0x0000005103900000) (1024K)]
  0x00000208df665c10 JavaThread "Cleaner-0"                  daemon [_thread_blocked, id=23520, stack(0x0000005102300000,0x0000005102400000) (1024K)]
  0x00000208df668a00 JavaThread "ForkJoinPool.commonPool-worker-8" daemon [_thread_blocked, id=6596, stack(0x0000005101100000,0x0000005101200000) (1024K)]
  0x00000208dfb9b580 JavaThread "ForkJoinPool.commonPool-worker-9" daemon [_thread_blocked, id=18556, stack(0x0000005102500000,0x0000005102600000) (1024K)]
  0x00000208ddb469d0 JavaThread "ForkJoinPool.commonPool-worker-12" daemon [_thread_blocked, id=21216, stack(0x0000005102900000,0x0000005102a00000) (1024K)]
  0x00000208ddb49e50 JavaThread "Compiler Source File Reader" daemon [_thread_blocked, id=14148, stack(0x0000005103700000,0x0000005103800000) (1024K)]
  0x00000208ddb4a4e0 JavaThread "Compiler Source File Reader" daemon [_thread_blocked, id=22428, stack(0x0000005103900000,0x0000005103a00000) (1024K)]
  0x00000208ddb4c5b0 JavaThread "Compiler Source File Reader" daemon [_thread_blocked, id=17980, stack(0x0000005103b00000,0x0000005103c00000) (1024K)]
  0x00000208ddb4b890 JavaThread "Compiler Source File Reader" daemon [_thread_blocked, id=18648, stack(0x0000005103c00000,0x0000005103d00000) (1024K)]
  0x00000208ddb4ab70 JavaThread "Compiler Source File Reader" daemon [_thread_blocked, id=22980, stack(0x0000005103d00000,0x0000005103e00000) (1024K)]
  0x00000208ddb4b200 JavaThread "Compiler Source File Reader" daemon [_thread_blocked, id=25440, stack(0x0000005103e00000,0x0000005103f00000) (1024K)]
  0x00000208de0aeb90 JavaThread "ForkJoinPool.commonPool-worker-15" daemon [_thread_blocked, id=13932, stack(0x0000005102200000,0x0000005102300000) (1024K)]
  0x00000208df6662a0 JavaThread "ForkJoinPool.commonPool-worker-18" daemon [_thread_blocked, id=9956, stack(0x0000005104100000,0x0000005104200000) (1024K)]
  0x00000208df666930 JavaThread "Worker-59"                         [_thread_blocked, id=21372, stack(0x0000005100300000,0x0000005100400000) (1024K)]
  0x00000208df667650 JavaThread "Worker-60"                         [_thread_blocked, id=17100, stack(0x0000005102400000,0x0000005102500000) (1024K)]
  0x00000208df669090 JavaThread "ForkJoinPool.commonPool-worker-19" daemon [_thread_blocked, id=1424, stack(0x0000005104000000,0x0000005104100000) (1024K)]
  0x00000208de0a7570 JavaThread "Worker-65"                         [_thread_blocked, id=1352, stack(0x0000005100200000,0x0000005100300000) (1024K)]
  0x00000208de0a7c00 JavaThread "Worker-66"                         [_thread_blocked, id=18896, stack(0x0000005102700000,0x0000005102800000) (1024K)]
  0x00000208de0ade70 JavaThread "Worker-67"                         [_thread_blocked, id=22208, stack(0x0000005102800000,0x0000005102900000) (1024K)]
  0x00000208dfb9d650 JavaThread "Worker-69"                         [_thread_blocked, id=9620, stack(0x0000005103f00000,0x0000005104000000) (1024K)]
  0x00000208dfba1160 JavaThread "Compiler Processing Task"   daemon [_thread_blocked, id=19324, stack(0x0000005103600000,0x0000005103700000) (1024K)]
Total: 53

Other Threads:
  0x00000208ff04eb40 VMThread "VM Thread"                           [id=22732, stack(0x0000005100700000,0x0000005100800000) (1024K)]
  0x00000208feff9160 WatcherThread "VM Periodic Task Thread"        [id=20272, stack(0x0000005100600000,0x0000005100700000) (1024K)]
  0x00000208fefaca70 WorkerThread "GC Thread#0"                     [id=4532, stack(0x0000005100500000,0x0000005100600000) (1024K)]
  0x00000208dd9979b0 WorkerThread "GC Thread#1"                     [id=11664, stack(0x0000005101500000,0x0000005101600000) (1024K)]
  0x00000208dda13f20 WorkerThread "GC Thread#2"                     [id=20764, stack(0x0000005101600000,0x0000005101700000) (1024K)]
  0x00000208dda142c0 WorkerThread "GC Thread#3"                     [id=18604, stack(0x0000005101700000,0x0000005101800000) (1024K)]
  0x00000208ddbe95a0 WorkerThread "GC Thread#4"                     [id=19532, stack(0x0000005101800000,0x0000005101900000) (1024K)]
  0x00000208ddbe9940 WorkerThread "GC Thread#5"                     [id=3864, stack(0x0000005101900000,0x0000005101a00000) (1024K)]
  0x00000208dd766780 WorkerThread "GC Thread#6"                     [id=8788, stack(0x0000005101a00000,0x0000005101b00000) (1024K)]
  0x00000208ddefdd90 WorkerThread "GC Thread#7"                     [id=18424, stack(0x0000005101d00000,0x0000005101e00000) (1024K)]
Total: 10

Threads with active compile tasks:
Total: 0

VM state: not at safepoint (normal execution)

VM Mutex/Monitor currently owned by a thread: None

Heap address: 0x0000000080000000, size: 2048 MB, Compressed Oops mode: 32-bit

CDS archive(s) mapped at: [0x0000020897000000-0x0000020897ba0000-0x0000020897ba0000), size 12189696, SharedBaseAddress: 0x0000020897000000, ArchiveRelocationMode: 1.
Compressed class space mapped at: 0x0000020898000000-0x00000208d8000000, reserved size: 1073741824
Narrow klass base: 0x0000020897000000, Narrow klass shift: 0, Narrow klass range: 0x100000000

GC Precious Log:
 CardTable entry size: 512
 CPUs: 8 total, 8 available
 Memory: 7959M
 Large Page Support: Disabled
 NUMA Support: Disabled
 Compressed Oops: Enabled (32-bit)
 Alignments: Space 512K, Generation 512K, Heap 2M
 Heap Min Capacity: 100M
 Heap Initial Capacity: 100M
 Heap Max Capacity: 2G
 Pre-touch: Disabled
 Parallel Workers: 8

Heap:
 PSYoungGen      total 6656K, used 6395K [0x00000000d5580000, 0x00000000d5d00000, 0x0000000100000000)
  eden space 5632K, 97% used [0x00000000d5580000,0x00000000d5ae2d90,0x00000000d5b00000)
  from space 1024K, 85% used [0x00000000d5b00000,0x00000000d5bdc030,0x00000000d5c00000)
  to   space 1024K, 0% used [0x00000000d5c00000,0x00000000d5c00000,0x00000000d5d00000)
 ParOldGen       total 1029120K, used 1028837K [0x0000000080000000, 0x00000000bed00000, 0x00000000d5580000)
  object space 1029120K, 99% used [0x0000000080000000,0x00000000becb9558,0x00000000bed00000)
 Metaspace       used 99170K, committed 100992K, reserved 1179648K
  class space    used 9374K, committed 10304K, reserved 1048576K

Card table byte_map: [0x00000208fe930000,0x00000208fed40000] _byte_map_base: 0x00000208fe530000

Marking Bits: (ParMarkBitMap*) 0x00007ffc3f62a340
 Begin Bits: [0x0000020892130000, 0x0000020894130000)
 End Bits:   [0x0000020894130000, 0x0000020896130000)

Polling page: 0x00000208fce50000

Metaspace:

Usage:
  Non-class:     87.69 MB used.
      Class:      9.16 MB used.
       Both:     96.85 MB used.

Virtual space:
  Non-class space:      128.00 MB reserved,      88.56 MB ( 69%) committed,  2 nodes.
      Class space:        1.00 GB reserved,      10.06 MB ( <1%) committed,  1 nodes.
             Both:        1.12 GB reserved,      98.62 MB (  9%) committed. 

Chunk freelists:
   Non-Class:  7.16 MB
       Class:  5.94 MB
        Both:  13.10 MB

MaxMetaspaceSize: unlimited
CompressedClassSpaceSize: 1.00 GB
Initial GC threshold: 21.00 MB
Current GC threshold: 164.31 MB
CDS: on
 - commit_granule_bytes: 65536.
 - commit_granule_words: 8192.
 - virtual_space_node_default_size: 8388608.
 - enlarge_chunks_in_place: 1.
 - use_allocation_guard: 0.


Internal statistics:

num_allocs_failed_limit: 9.
num_arena_births: 2318.
num_arena_deaths: 630.
num_vsnodes_births: 3.
num_vsnodes_deaths: 0.
num_space_committed: 1593.
num_space_uncommitted: 11.
num_chunks_returned_to_freelist: 847.
num_chunks_taken_from_freelist: 7749.
num_chunk_merges: 188.
num_chunk_splits: 4321.
num_chunks_enlarged: 2238.
num_inconsistent_stats: 0.

CodeHeap 'non-profiled nmethods': size=120000Kb used=27767Kb max_used=31937Kb free=92232Kb
 bounds [0x000002088ac00000, 0x000002088cb50000, 0x0000020892130000]
CodeHeap 'profiled nmethods': size=120000Kb used=27350Kb max_used=59437Kb free=92649Kb
 bounds [0x0000020883130000, 0x0000020886b80000, 0x000002088a660000]
CodeHeap 'non-nmethods': size=5760Kb used=1551Kb max_used=1656Kb free=4208Kb
 bounds [0x000002088a660000, 0x000002088a8d0000, 0x000002088ac00000]
CodeCache: size=245760Kb, used=56668Kb, max_used=93030Kb, free=189089Kb
 total_blobs=13861, nmethods=13004, adapters=758, full_count=0
Compilation: enabled, stopped_count=0, restarted_count=0

Compilation events (20 events):
Event: 5080.918 Thread 0x00000208962fd260 42204       3       org.eclipse.core.internal.resources.ProjectDescription::getBuildConfigs (124 bytes)
Event: 5080.923 Thread 0x00000208962fd260 nmethod 42204 0x0000020883e11c10 code [0x0000020883e11e80, 0x0000020883e12d00]
Event: 5081.092 Thread 0x00000208962f93d0 42205       4       ch.qos.logback.classic.LoggerContext::getTurboFilterChainDecision_1 (38 bytes)
Event: 5081.095 Thread 0x00000208962fd260 42206       3       java.util.AbstractList$RandomAccessSpliterator::forEachRemaining (62 bytes)
Event: 5081.096 Thread 0x00000208962f93d0 nmethod 42205 0x000002088b844d90 code [0x000002088b844f20, 0x000002088b845020]
Event: 5081.096 Thread 0x00000208962fd260 nmethod 42206 0x0000020885437690 code [0x00000208854378e0, 0x0000020885438100]
Event: 5081.096 Thread 0x00000208962fd260 42207       3       org.eclipse.core.internal.resources.Resource::getSessionProperty (12 bytes)
Event: 5081.097 Thread 0x00000208962fd260 nmethod 42207 0x000002088396bd10 code [0x000002088396bee0, 0x000002088396c1b0]
Event: 5081.097 Thread 0x00000208962fd260 42208       3       org.eclipse.core.internal.resources.ResourceInfo::getSessionProperty (19 bytes)
Event: 5081.097 Thread 0x00000208962fd260 nmethod 42208 0x00000208839def10 code [0x00000208839df0c0, 0x00000208839df280]
Event: 5081.099 Thread 0x00000208962f93d0 42209   !   4       jdk.internal.loader.URLClassPath$JarLoader::getResource (40 bytes)
Event: 5081.115 Thread 0x00000208962f93d0 nmethod 42209 0x000002088ad51390 code [0x000002088ad515a0, 0x000002088ad519b8]
Event: 5081.218 Thread 0x00000208962f93d0 42210       4       org.eclipse.sisu.inject.InjectorBindings::subscribe (46 bytes)
Event: 5081.226 Thread 0x00000208962f93d0 nmethod 42210 0x000002088bbc1790 code [0x000002088bbc1940, 0x000002088bbc1b00]
Event: 5081.940 Thread 0x00000208962f93d0 42211       4       java.lang.invoke.LambdaForm$MH/0x00000208986fd800::invoke (42 bytes)
Event: 5081.942 Thread 0x00000208962f93d0 nmethod 42211 0x000002088ba76090 code [0x000002088ba76220, 0x000002088ba762c8]
Event: 5081.943 Thread 0x00000208962f93d0 42212       4       java.lang.invoke.LambdaForm$MH/0x00000208986fd000::invoke (42 bytes)
Event: 5081.945 Thread 0x00000208962f93d0 nmethod 42212 0x000002088c333c90 code [0x000002088c333e20, 0x000002088c333ec8]
Event: 5083.977 Thread 0x00000208962f93d0 42213       4       org.eclipse.core.runtime.NullProgressMonitor::<init> (10 bytes)
Event: 5083.979 Thread 0x00000208962f93d0 nmethod 42213 0x000002088acbcb10 code [0x000002088acbcca0, 0x000002088acbcd30]

GC Heap History (20 events):
Event: 5084.572 GC heap before
{Heap before GC invocations=11618 (full 20):
 PSYoungGen      total 4608K, used 3616K [0x00000000d5580000, 0x00000000d5e00000, 0x0000000100000000)
  eden space 3072K, 100% used [0x00000000d5580000,0x00000000d5880000,0x00000000d5880000)
  from space 1536K, 35% used [0x00000000d5b00000,0x00000000d5b88000,0x00000000d5c80000)
  to   space 1024K, 0% used [0x00000000d5d00000,0x00000000d5d00000,0x00000000d5e00000)
 ParOldGen       total 1021952K, used 1021534K [0x0000000080000000, 0x00000000be600000, 0x00000000d5580000)
  object space 1021952K, 99% used [0x0000000080000000,0x00000000be597b10,0x00000000be600000)
 Metaspace       used 99170K, committed 100992K, reserved 1179648K
  class space    used 9374K, committed 10304K, reserved 1048576K
}
Event: 5084.574 GC heap after
{Heap after GC invocations=11618 (full 20):
 PSYoungGen      total 4608K, used 448K [0x00000000d5580000, 0x00000000d5d80000, 0x0000000100000000)
  eden space 4096K, 0% used [0x00000000d5580000,0x00000000d5580000,0x00000000d5980000)
  from space 512K, 87% used [0x00000000d5d00000,0x00000000d5d70000,0x00000000d5d80000)
  to   space 512K, 0% used [0x00000000d5c80000,0x00000000d5c80000,0x00000000d5d00000)
 ParOldGen       total 1021952K, used 1021938K [0x0000000080000000, 0x00000000be600000, 0x00000000d5580000)
  object space 1021952K, 99% used [0x0000000080000000,0x00000000be5fc8d8,0x00000000be600000)
 Metaspace       used 99170K, committed 100992K, reserved 1179648K
  class space    used 9374K, committed 10304K, reserved 1048576K
}
Event: 5084.594 GC heap before
{Heap before GC invocations=11619 (full 20):
 PSYoungGen      total 4608K, used 4544K [0x00000000d5580000, 0x00000000d5d80000, 0x0000000100000000)
  eden space 4096K, 100% used [0x00000000d5580000,0x00000000d5980000,0x00000000d5980000)
  from space 512K, 87% used [0x00000000d5d00000,0x00000000d5d70000,0x00000000d5d80000)
  to   space 512K, 0% used [0x00000000d5c80000,0x00000000d5c80000,0x00000000d5d00000)
 ParOldGen       total 1021952K, used 1021938K [0x0000000080000000, 0x00000000be600000, 0x00000000d5580000)
  object space 1021952K, 99% used [0x0000000080000000,0x00000000be5fc8d8,0x00000000be600000)
 Metaspace       used 99170K, committed 100992K, reserved 1179648K
  class space    used 9374K, committed 10304K, reserved 1048576K
}
Event: 5084.596 GC heap after
{Heap after GC invocations=11619 (full 20):
 PSYoungGen      total 5632K, used 512K [0x00000000d5580000, 0x00000000d5d80000, 0x0000000100000000)
  eden space 5120K, 0% used [0x00000000d5580000,0x00000000d5580000,0x00000000d5a80000)
  from space 512K, 100% used [0x00000000d5c80000,0x00000000d5d00000,0x00000000d5d00000)
  to   space 512K, 0% used [0x00000000d5d00000,0x00000000d5d00000,0x00000000d5d80000)
 ParOldGen       total 1022464K, used 1022362K [0x0000000080000000, 0x00000000be680000, 0x00000000d5580000)
  object space 1022464K, 99% used [0x0000000080000000,0x00000000be666a80,0x00000000be680000)
 Metaspace       used 99170K, committed 100992K, reserved 1179648K
  class space    used 9374K, committed 10304K, reserved 1048576K
}
Event: 5084.605 GC heap before
{Heap before GC invocations=11620 (full 20):
 PSYoungGen      total 5632K, used 5632K [0x00000000d5580000, 0x00000000d5d80000, 0x0000000100000000)
  eden space 5120K, 100% used [0x00000000d5580000,0x00000000d5a80000,0x00000000d5a80000)
  from space 512K, 100% used [0x00000000d5c80000,0x00000000d5d00000,0x00000000d5d00000)
  to   space 512K, 0% used [0x00000000d5d00000,0x00000000d5d00000,0x00000000d5d80000)
 ParOldGen       total 1022464K, used 1022362K [0x0000000080000000, 0x00000000be680000, 0x00000000d5580000)
  object space 1022464K, 99% used [0x0000000080000000,0x00000000be666a80,0x00000000be680000)
 Metaspace       used 99170K, committed 100992K, reserved 1179648K
  class space    used 9374K, committed 10304K, reserved 1048576K
}
Event: 5084.609 GC heap after
{Heap after GC invocations=11620 (full 20):
 PSYoungGen      total 5120K, used 512K [0x00000000d5580000, 0x00000000d6180000, 0x0000000100000000)
  eden space 4608K, 0% used [0x00000000d5580000,0x00000000d5580000,0x00000000d5a00000)
  from space 512K, 100% used [0x00000000d5d00000,0x00000000d5d80000,0x00000000d5d80000)
  to   space 3072K, 0% used [0x00000000d5a00000,0x00000000d5a00000,0x00000000d5d00000)
 ParOldGen       total 1024512K, used 1024181K [0x0000000080000000, 0x00000000be880000, 0x00000000d5580000)
  object space 1024512K, 99% used [0x0000000080000000,0x00000000be82d678,0x00000000be880000)
 Metaspace       used 99170K, committed 100992K, reserved 1179648K
  class space    used 9374K, committed 10304K, reserved 1048576K
}
Event: 5084.626 GC heap before
{Heap before GC invocations=11621 (full 20):
 PSYoungGen      total 5120K, used 5120K [0x00000000d5580000, 0x00000000d6180000, 0x0000000100000000)
  eden space 4608K, 100% used [0x00000000d5580000,0x00000000d5a00000,0x00000000d5a00000)
  from space 512K, 100% used [0x00000000d5d00000,0x00000000d5d80000,0x00000000d5d80000)
  to   space 3072K, 0% used [0x00000000d5a00000,0x00000000d5a00000,0x00000000d5d00000)
 ParOldGen       total 1024512K, used 1024181K [0x0000000080000000, 0x00000000be880000, 0x00000000d5580000)
  object space 1024512K, 99% used [0x0000000080000000,0x00000000be82d678,0x00000000be880000)
 Metaspace       used 99170K, committed 100992K, reserved 1179648K
  class space    used 9374K, committed 10304K, reserved 1048576K
}
Event: 5084.629 GC heap after
{Heap after GC invocations=11621 (full 20):
 PSYoungGen      total 5632K, used 624K [0x00000000d5580000, 0x00000000d5e00000, 0x0000000100000000)
  eden space 4608K, 0% used [0x00000000d5580000,0x00000000d5580000,0x00000000d5a00000)
  from space 1024K, 60% used [0x00000000d5a00000,0x00000000d5a9c010,0x00000000d5b00000)
  to   space 1536K, 0% used [0x00000000d5c80000,0x00000000d5c80000,0x00000000d5e00000)
 ParOldGen       total 1025024K, used 1024733K [0x0000000080000000, 0x00000000be900000, 0x00000000d5580000)
  object space 1025024K, 99% used [0x0000000080000000,0x00000000be8b7678,0x00000000be900000)
 Metaspace       used 99170K, committed 100992K, reserved 1179648K
  class space    used 9374K, committed 10304K, reserved 1048576K
}
Event: 5084.648 GC heap before
{Heap before GC invocations=11622 (full 20):
 PSYoungGen      total 5632K, used 5232K [0x00000000d5580000, 0x00000000d5e00000, 0x0000000100000000)
  eden space 4608K, 100% used [0x00000000d5580000,0x00000000d5a00000,0x00000000d5a00000)
  from space 1024K, 60% used [0x00000000d5a00000,0x00000000d5a9c010,0x00000000d5b00000)
  to   space 1536K, 0% used [0x00000000d5c80000,0x00000000d5c80000,0x00000000d5e00000)
 ParOldGen       total 1025024K, used 1024733K [0x0000000080000000, 0x00000000be900000, 0x00000000d5580000)
  object space 1025024K, 99% used [0x0000000080000000,0x00000000be8b7678,0x00000000be900000)
 Metaspace       used 99170K, committed 100992K, reserved 1179648K
  class space    used 9374K, committed 10304K, reserved 1048576K
}
Event: 5084.652 GC heap after
{Heap after GC invocations=11622 (full 20):
 PSYoungGen      total 6656K, used 720K [0x00000000d5580000, 0x00000000d5d80000, 0x0000000100000000)
  eden space 5632K, 0% used [0x00000000d5580000,0x00000000d5580000,0x00000000d5b00000)
  from space 1024K, 70% used [0x00000000d5c80000,0x00000000d5d34010,0x00000000d5d80000)
  to   space 1024K, 0% used [0x00000000d5b80000,0x00000000d5b80000,0x00000000d5c80000)
 ParOldGen       total 1025536K, used 1025275K [0x0000000080000000, 0x00000000be980000, 0x00000000d5580000)
  object space 1025536K, 99% used [0x0000000080000000,0x00000000be93ef10,0x00000000be980000)
 Metaspace       used 99170K, committed 100992K, reserved 1179648K
  class space    used 9374K, committed 10304K, reserved 1048576K
}
Event: 5084.700 GC heap before
{Heap before GC invocations=11623 (full 20):
 PSYoungGen      total 6656K, used 6352K [0x00000000d5580000, 0x00000000d5d80000, 0x0000000100000000)
  eden space 5632K, 100% used [0x00000000d5580000,0x00000000d5b00000,0x00000000d5b00000)
  from space 1024K, 70% used [0x00000000d5c80000,0x00000000d5d34010,0x00000000d5d80000)
  to   space 1024K, 0% used [0x00000000d5b80000,0x00000000d5b80000,0x00000000d5c80000)
 ParOldGen       total 1025536K, used 1025275K [0x0000000080000000, 0x00000000be980000, 0x00000000d5580000)
  object space 1025536K, 99% used [0x0000000080000000,0x00000000be93ef10,0x00000000be980000)
 Metaspace       used 99170K, committed 100992K, reserved 1179648K
  class space    used 9374K, committed 10304K, reserved 1048576K
}
Event: 5084.704 GC heap after
{Heap after GC invocations=11623 (full 20):
 PSYoungGen      total 6656K, used 1002K [0x00000000d5580000, 0x00000000d5f00000, 0x0000000100000000)
  eden space 5632K, 0% used [0x00000000d5580000,0x00000000d5580000,0x00000000d5b00000)
  from space 1024K, 97% used [0x00000000d5b80000,0x00000000d5c7a910,0x00000000d5c80000)
  to   space 2048K, 0% used [0x00000000d5d00000,0x00000000d5d00000,0x00000000d5f00000)
 ParOldGen       total 1026048K, used 1025851K [0x0000000080000000, 0x00000000bea00000, 0x00000000d5580000)
  object space 1026048K, 99% used [0x0000000080000000,0x00000000be9cef50,0x00000000bea00000)
 Metaspace       used 99170K, committed 100992K, reserved 1179648K
  class space    used 9374K, committed 10304K, reserved 1048576K
}
Event: 5084.722 GC heap before
{Heap before GC invocations=11624 (full 20):
 PSYoungGen      total 6656K, used 6634K [0x00000000d5580000, 0x00000000d5f00000, 0x0000000100000000)
  eden space 5632K, 100% used [0x00000000d5580000,0x00000000d5b00000,0x00000000d5b00000)
  from space 1024K, 97% used [0x00000000d5b80000,0x00000000d5c7a910,0x00000000d5c80000)
  to   space 2048K, 0% used [0x00000000d5d00000,0x00000000d5d00000,0x00000000d5f00000)
 ParOldGen       total 1026048K, used 1025851K [0x0000000080000000, 0x00000000bea00000, 0x00000000d5580000)
  object space 1026048K, 99% used [0x0000000080000000,0x00000000be9cef50,0x00000000bea00000)
 Metaspace       used 99170K, committed 100992K, reserved 1179648K
  class space    used 9374K, committed 10304K, reserved 1048576K
}
Event: 5084.728 GC heap after
{Heap after GC invocations=11624 (full 20):
 PSYoungGen      total 6656K, used 656K [0x00000000d5580000, 0x00000000d5e00000, 0x0000000100000000)
  eden space 5632K, 0% used [0x00000000d5580000,0x00000000d5580000,0x00000000d5b00000)
  from space 1024K, 64% used [0x00000000d5d00000,0x00000000d5da4030,0x00000000d5e00000)
  to   space 1024K, 0% used [0x00000000d5b80000,0x00000000d5b80000,0x00000000d5c80000)
 ParOldGen       total 1027072K, used 1026732K [0x0000000080000000, 0x00000000beb00000, 0x00000000d5580000)
  object space 1027072K, 99% used [0x0000000080000000,0x00000000beaab3c0,0x00000000beb00000)
 Metaspace       used 99170K, committed 100992K, reserved 1179648K
  class space    used 9374K, committed 10304K, reserved 1048576K
}
Event: 5084.750 GC heap before
{Heap before GC invocations=11625 (full 20):
 PSYoungGen      total 6656K, used 6288K [0x00000000d5580000, 0x00000000d5e00000, 0x0000000100000000)
  eden space 5632K, 100% used [0x00000000d5580000,0x00000000d5b00000,0x00000000d5b00000)
  from space 1024K, 64% used [0x00000000d5d00000,0x00000000d5da4030,0x00000000d5e00000)
  to   space 1024K, 0% used [0x00000000d5b80000,0x00000000d5b80000,0x00000000d5c80000)
 ParOldGen       total 1027072K, used 1026732K [0x0000000080000000, 0x00000000beb00000, 0x00000000d5580000)
  object space 1027072K, 99% used [0x0000000080000000,0x00000000beaab3c0,0x00000000beb00000)
 Metaspace       used 99170K, committed 100992K, reserved 1179648K
  class space    used 9374K, committed 10304K, reserved 1048576K
}
Event: 5084.753 GC heap after
{Heap after GC invocations=11625 (full 20):
 PSYoungGen      total 6656K, used 752K [0x00000000d5580000, 0x00000000d5d80000, 0x0000000100000000)
  eden space 5632K, 0% used [0x00000000d5580000,0x00000000d5580000,0x00000000d5b00000)
  from space 1024K, 73% used [0x00000000d5b80000,0x00000000d5c3c010,0x00000000d5c80000)
  to   space 1024K, 0% used [0x00000000d5c80000,0x00000000d5c80000,0x00000000d5d80000)
 ParOldGen       total 1027584K, used 1027357K [0x0000000080000000, 0x00000000beb80000, 0x00000000d5580000)
  object space 1027584K, 99% used [0x0000000080000000,0x00000000beb47420,0x00000000beb80000)
 Metaspace       used 99170K, committed 100992K, reserved 1179648K
  class space    used 9374K, committed 10304K, reserved 1048576K
}
Event: 5084.770 GC heap before
{Heap before GC invocations=11626 (full 20):
 PSYoungGen      total 6656K, used 6384K [0x00000000d5580000, 0x00000000d5d80000, 0x0000000100000000)
  eden space 5632K, 100% used [0x00000000d5580000,0x00000000d5b00000,0x00000000d5b00000)
  from space 1024K, 73% used [0x00000000d5b80000,0x00000000d5c3c010,0x00000000d5c80000)
  to   space 1024K, 0% used [0x00000000d5c80000,0x00000000d5c80000,0x00000000d5d80000)
 ParOldGen       total 1027584K, used 1027357K [0x0000000080000000, 0x00000000beb80000, 0x00000000d5580000)
  object space 1027584K, 99% used [0x0000000080000000,0x00000000beb47420,0x00000000beb80000)
 Metaspace       used 99170K, committed 100992K, reserved 1179648K
  class space    used 9374K, committed 10304K, reserved 1048576K
}
Event: 5084.773 GC heap after
{Heap after GC invocations=11626 (full 20):
 PSYoungGen      total 6656K, used 996K [0x00000000d5580000, 0x00000000d5e00000, 0x0000000100000000)
  eden space 5632K, 0% used [0x00000000d5580000,0x00000000d5580000,0x00000000d5b00000)
  from space 1024K, 97% used [0x00000000d5c80000,0x00000000d5d79230,0x00000000d5d80000)
  to   space 1536K, 0% used [0x00000000d5b00000,0x00000000d5b00000,0x00000000d5c80000)
 ParOldGen       total 1028096K, used 1027970K [0x0000000080000000, 0x00000000bec00000, 0x00000000d5580000)
  object space 1028096K, 99% used [0x0000000080000000,0x00000000bebe0818,0x00000000bec00000)
 Metaspace       used 99170K, committed 100992K, reserved 1179648K
  class space    used 9374K, committed 10304K, reserved 1048576K
}
Event: 5084.803 GC heap before
{Heap before GC invocations=11627 (full 20):
 PSYoungGen      total 6656K, used 6628K [0x00000000d5580000, 0x00000000d5e00000, 0x0000000100000000)
  eden space 5632K, 100% used [0x00000000d5580000,0x00000000d5b00000,0x00000000d5b00000)
  from space 1024K, 97% used [0x00000000d5c80000,0x00000000d5d79230,0x00000000d5d80000)
  to   space 1536K, 0% used [0x00000000d5b00000,0x00000000d5b00000,0x00000000d5c80000)
 ParOldGen       total 1028096K, used 1027970K [0x0000000080000000, 0x00000000bec00000, 0x00000000d5580000)
  object space 1028096K, 99% used [0x0000000080000000,0x00000000bebe0818,0x00000000bec00000)
 Metaspace       used 99170K, committed 100992K, reserved 1179648K
  class space    used 9374K, committed 10304K, reserved 1048576K
}
Event: 5084.806 GC heap after
{Heap after GC invocations=11627 (full 20):
 PSYoungGen      total 6656K, used 880K [0x00000000d5580000, 0x00000000d5d00000, 0x0000000100000000)
  eden space 5632K, 0% used [0x00000000d5580000,0x00000000d5580000,0x00000000d5b00000)
  from space 1024K, 85% used [0x00000000d5b00000,0x00000000d5bdc030,0x00000000d5c00000)
  to   space 1024K, 0% used [0x00000000d5c00000,0x00000000d5c00000,0x00000000d5d00000)
 ParOldGen       total 1029120K, used 1028837K [0x0000000080000000, 0x00000000bed00000, 0x00000000d5580000)
  object space 1029120K, 99% used [0x0000000080000000,0x00000000becb9558,0x00000000bed00000)
 Metaspace       used 99170K, committed 100992K, reserved 1179648K
  class space    used 9374K, committed 10304K, reserved 1048576K
}

Dll operation events (12 events):
Event: 0.020 Loaded shared library c:\Users\nguye\.vscode\extensions\redhat.java-1.46.0-win32-x64\jre\21.0.8-win32-x86_64\bin\java.dll
Event: 0.163 Loaded shared library c:\Users\nguye\.vscode\extensions\redhat.java-1.46.0-win32-x64\jre\21.0.8-win32-x86_64\bin\zip.dll
Event: 0.218 Loaded shared library C:\Users\nguye\.vscode\extensions\redhat.java-1.46.0-win32-x64\jre\21.0.8-win32-x86_64\bin\instrument.dll
Event: 0.226 Loaded shared library C:\Users\nguye\.vscode\extensions\redhat.java-1.46.0-win32-x64\jre\21.0.8-win32-x86_64\bin\net.dll
Event: 0.229 Loaded shared library C:\Users\nguye\.vscode\extensions\redhat.java-1.46.0-win32-x64\jre\21.0.8-win32-x86_64\bin\nio.dll
Event: 0.236 Loaded shared library C:\Users\nguye\.vscode\extensions\redhat.java-1.46.0-win32-x64\jre\21.0.8-win32-x86_64\bin\zip.dll
Event: 0.270 Loaded shared library C:\Users\nguye\.vscode\extensions\redhat.java-1.46.0-win32-x64\jre\21.0.8-win32-x86_64\bin\jimage.dll
Event: 0.394 Loaded shared library c:\Users\nguye\.vscode\extensions\redhat.java-1.46.0-win32-x64\jre\21.0.8-win32-x86_64\bin\verify.dll
Event: 2.357 Loaded shared library C:\Users\nguye\AppData\Roaming\Code\User\globalStorage\redhat.java\1.46.0\config_win\org.eclipse.equinox.launcher\org.eclipse.equinox.launcher.win32.win32.x86_64_1.2.1400.v20250801-0854\eclipse_11916.dll
Event: 4.941 Loaded shared library C:\Users\nguye\AppData\Local\Temp\jna-104772072\jna16025288196177610117.dll
Event: 263.917 Loaded shared library C:\Users\nguye\.vscode\extensions\redhat.java-1.46.0-win32-x64\jre\21.0.8-win32-x86_64\bin\sunmscapi.dll
Event: 264.295 Loaded shared library C:\Users\nguye\.vscode\extensions\redhat.java-1.46.0-win32-x64\jre\21.0.8-win32-x86_64\bin\extnet.dll

Deoptimization events (20 events):
Event: 5080.240 Thread 0x00000208df669090 Uncommon trap: trap_request=0xffffff45 fr.pc=0x000002088b1a472c relative=0x00000000000001ec
Event: 5080.241 Thread 0x00000208df669090 Uncommon trap: reason=unstable_if action=reinterpret pc=0x000002088b1a472c method=org.eclipse.jdt.internal.compiler.parser.Parser.pushIdentifier([CJ)V @ 156 c2
Event: 5080.241 Thread 0x00000208df669090 DEOPT PACKING pc=0x000002088b1a472c sp=0x00000051040fe3a0
Event: 5080.241 Thread 0x00000208df669090 DEOPT UNPACKING pc=0x000002088a6b6da2 sp=0x00000051040fe358 mode 2
Event: 5080.791 Thread 0x00000208df666930 Uncommon trap: trap_request=0xffffffde fr.pc=0x000002088c94098c relative=0x00000000000000cc
Event: 5080.791 Thread 0x00000208df666930 Uncommon trap: reason=class_check action=maybe_recompile pc=0x000002088c94098c method=org.eclipse.jdt.internal.compiler.flow.ExceptionHandlingFlowContext.statementWithFinallyBlock()Lorg/eclipse/jdt/internal/compiler/ast/StatementWithFinallyBlock; @ 14 c2
Event: 5080.791 Thread 0x00000208df666930 DEOPT PACKING pc=0x000002088c94098c sp=0x00000051003fd710
Event: 5080.791 Thread 0x00000208df666930 DEOPT UNPACKING pc=0x000002088a6b6da2 sp=0x00000051003fd6a8 mode 2
Event: 5080.791 Thread 0x00000208df666930 Uncommon trap: trap_request=0xffffffde fr.pc=0x000002088c94098c relative=0x00000000000000cc
Event: 5080.791 Thread 0x00000208df666930 Uncommon trap: reason=class_check action=maybe_recompile pc=0x000002088c94098c method=org.eclipse.jdt.internal.compiler.flow.ExceptionHandlingFlowContext.statementWithFinallyBlock()Lorg/eclipse/jdt/internal/compiler/ast/StatementWithFinallyBlock; @ 14 c2
Event: 5080.791 Thread 0x00000208df666930 DEOPT PACKING pc=0x000002088c94098c sp=0x00000051003fd2e0
Event: 5080.791 Thread 0x00000208df666930 DEOPT UNPACKING pc=0x000002088a6b6da2 sp=0x00000051003fd278 mode 2
Event: 5080.981 Thread 0x00000208df666930 Uncommon trap: trap_request=0xffffffde fr.pc=0x000002088c94098c relative=0x00000000000000cc
Event: 5080.981 Thread 0x00000208df666930 Uncommon trap: reason=class_check action=maybe_recompile pc=0x000002088c94098c method=org.eclipse.jdt.internal.compiler.flow.ExceptionHandlingFlowContext.statementWithFinallyBlock()Lorg/eclipse/jdt/internal/compiler/ast/StatementWithFinallyBlock; @ 14 c2
Event: 5080.981 Thread 0x00000208df666930 DEOPT PACKING pc=0x000002088c94098c sp=0x00000051003fd710
Event: 5080.981 Thread 0x00000208df666930 DEOPT UNPACKING pc=0x000002088a6b6da2 sp=0x00000051003fd6a8 mode 2
Event: 5080.981 Thread 0x00000208df666930 Uncommon trap: trap_request=0xffffffde fr.pc=0x000002088c94098c relative=0x00000000000000cc
Event: 5080.981 Thread 0x00000208df666930 Uncommon trap: reason=class_check action=maybe_recompile pc=0x000002088c94098c method=org.eclipse.jdt.internal.compiler.flow.ExceptionHandlingFlowContext.statementWithFinallyBlock()Lorg/eclipse/jdt/internal/compiler/ast/StatementWithFinallyBlock; @ 14 c2
Event: 5080.981 Thread 0x00000208df666930 DEOPT PACKING pc=0x000002088c94098c sp=0x00000051003fd2e0
Event: 5080.981 Thread 0x00000208df666930 DEOPT UNPACKING pc=0x000002088a6b6da2 sp=0x00000051003fd278 mode 2

Classes loaded (20 events):
Event: 4943.753 Loading class jdk/internal/module/IllegalAccessLogger
Event: 4943.753 Loading class jdk/internal/module/IllegalAccessLogger done
Event: 4951.375 Loading class jdk/internal/module/IllegalAccessLogger
Event: 4951.375 Loading class jdk/internal/module/IllegalAccessLogger done
Event: 4959.612 Loading class jdk/internal/module/IllegalAccessLogger
Event: 4959.612 Loading class jdk/internal/module/IllegalAccessLogger done
Event: 4967.371 Loading class jdk/internal/module/IllegalAccessLogger
Event: 4967.371 Loading class jdk/internal/module/IllegalAccessLogger done
Event: 4980.344 Loading class jdk/internal/module/IllegalAccessLogger
Event: 4980.344 Loading class jdk/internal/module/IllegalAccessLogger done
Event: 4986.215 Loading class jdk/internal/module/IllegalAccessLogger
Event: 4986.215 Loading class jdk/internal/module/IllegalAccessLogger done
Event: 4990.908 Loading class jdk/internal/module/IllegalAccessLogger
Event: 4990.908 Loading class jdk/internal/module/IllegalAccessLogger done
Event: 5009.110 Loading class jdk/internal/module/IllegalAccessLogger
Event: 5009.110 Loading class jdk/internal/module/IllegalAccessLogger done
Event: 5081.053 Loading class jdk/internal/module/IllegalAccessLogger
Event: 5081.053 Loading class jdk/internal/module/IllegalAccessLogger done
Event: 5083.914 Loading class jdk/internal/module/IllegalAccessLogger
Event: 5083.914 Loading class jdk/internal/module/IllegalAccessLogger done

Classes unloaded (20 events):
Event: 4076.495 Thread 0x00000208ff04eb40 Unloading class 0x0000020898171c00 'java/lang/invoke/LambdaForm$MH+0x0000020898171c00'
Event: 4787.811 Thread 0x00000208ff04eb40 Unloading class 0x0000020898000400 'java/lang/invoke/LambdaForm$MH+0x0000020898000400'
Event: 4943.926 Thread 0x00000208ff04eb40 Unloading class 0x0000020898900400 'java/lang/invoke/LambdaForm$MH+0x0000020898900400'
Event: 4943.926 Thread 0x00000208ff04eb40 Unloading class 0x0000020898900c00 'java/lang/invoke/LambdaForm$MH+0x0000020898900c00'
Event: 4943.926 Thread 0x00000208ff04eb40 Unloading class 0x000002089898bc00 'java/lang/invoke/LambdaForm$MH+0x000002089898bc00'
Event: 4943.926 Thread 0x00000208ff04eb40 Unloading class 0x0000020898990000 'java/lang/invoke/LambdaForm$MH+0x0000020898990000'
Event: 4943.926 Thread 0x00000208ff04eb40 Unloading class 0x0000020898a18400 'java/lang/invoke/LambdaForm$MH+0x0000020898a18400'
Event: 4943.929 Thread 0x00000208ff04eb40 Unloading class 0x00000208989b0c00 'jdk/internal/reflect/GeneratedSerializationConstructorAccessor34'
Event: 4943.931 Thread 0x00000208ff04eb40 Unloading class 0x00000208989b0800 'jdk/internal/reflect/GeneratedSerializationConstructorAccessor33'
Event: 4943.931 Thread 0x00000208ff04eb40 Unloading class 0x00000208989b0400 'jdk/internal/reflect/GeneratedSerializationConstructorAccessor32'
Event: 4943.931 Thread 0x00000208ff04eb40 Unloading class 0x0000020898630400 'java/lang/invoke/LambdaForm$MH+0x0000020898630400'
Event: 4943.931 Thread 0x00000208ff04eb40 Unloading class 0x0000020898630000 'java/lang/invoke/LambdaForm$MH+0x0000020898630000'
Event: 4943.931 Thread 0x00000208ff04eb40 Unloading class 0x0000020898629800 'java/lang/invoke/LambdaForm$MH+0x0000020898629800'
Event: 4943.931 Thread 0x00000208ff04eb40 Unloading class 0x0000020898629000 'java/lang/invoke/LambdaForm$MH+0x0000020898629000'
Event: 4943.931 Thread 0x00000208ff04eb40 Unloading class 0x000002089843cc00 'jdk/internal/reflect/GeneratedSerializationConstructorAccessor27'
Event: 4943.931 Thread 0x00000208ff04eb40 Unloading class 0x000002089843c800 'jdk/internal/reflect/GeneratedSerializationConstructorAccessor26'
Event: 4943.931 Thread 0x00000208ff04eb40 Unloading class 0x000002089843c400 'jdk/internal/reflect/GeneratedSerializationConstructorAccessor25'
Event: 4943.931 Thread 0x00000208ff04eb40 Unloading class 0x000002089843c000 'jdk/internal/reflect/GeneratedSerializationConstructorAccessor24'
Event: 4943.931 Thread 0x00000208ff04eb40 Unloading class 0x0000020898201800 'java/lang/invoke/LambdaForm$MH+0x0000020898201800'
Event: 4943.931 Thread 0x00000208ff04eb40 Unloading class 0x0000020898200400 'java/lang/invoke/LambdaForm$BMH+0x0000020898200400'

Classes redefined (0 events):
No events

Internal exceptions (20 events):
Event: 4951.214 Thread 0x00000208de159550 Exception <a 'sun/nio/fs/WindowsException'{0x00000000d568e8b8}> (0x00000000d568e8b8) 
thrown [s\src\hotspot\share\prims\jni.cpp, line 520]
Event: 4951.881 Thread 0x00000208de159550 Exception <a 'sun/nio/fs/WindowsException'{0x00000000d56edbc0}> (0x00000000d56edbc0) 
thrown [s\src\hotspot\share\prims\jni.cpp, line 520]
Event: 4959.478 Thread 0x00000208de159550 Exception <a 'sun/nio/fs/WindowsException'{0x00000000d55b5808}> (0x00000000d55b5808) 
thrown [s\src\hotspot\share\prims\jni.cpp, line 520]
Event: 4960.008 Thread 0x00000208de159550 Exception <a 'sun/nio/fs/WindowsException'{0x00000000d55b4700}> (0x00000000d55b4700) 
thrown [s\src\hotspot\share\prims\jni.cpp, line 520]
Event: 4967.229 Thread 0x00000208de159550 Exception <a 'sun/nio/fs/WindowsException'{0x00000000d581edf0}> (0x00000000d581edf0) 
thrown [s\src\hotspot\share\prims\jni.cpp, line 520]
Event: 4967.601 Thread 0x00000208de159550 Exception <a 'sun/nio/fs/WindowsException'{0x00000000d58f10a0}> (0x00000000d58f10a0) 
thrown [s\src\hotspot\share\prims\jni.cpp, line 520]
Event: 4980.207 Thread 0x00000208de159550 Exception <a 'sun/nio/fs/WindowsException'{0x00000000d5805a58}> (0x00000000d5805a58) 
thrown [s\src\hotspot\share\prims\jni.cpp, line 520]
Event: 4980.645 Thread 0x00000208de159550 Exception <a 'sun/nio/fs/WindowsException'{0x00000000d57586b0}> (0x00000000d57586b0) 
thrown [s\src\hotspot\share\prims\jni.cpp, line 520]
Event: 4986.079 Thread 0x00000208de159550 Exception <a 'sun/nio/fs/WindowsException'{0x00000000d5702848}> (0x00000000d5702848) 
thrown [s\src\hotspot\share\prims\jni.cpp, line 520]
Event: 4986.416 Thread 0x00000208de159550 Exception <a 'sun/nio/fs/WindowsException'{0x00000000d5606048}> (0x00000000d5606048) 
thrown [s\src\hotspot\share\prims\jni.cpp, line 520]
Event: 4990.788 Thread 0x00000208de159550 Exception <a 'sun/nio/fs/WindowsException'{0x00000000d566f9d0}> (0x00000000d566f9d0) 
thrown [s\src\hotspot\share\prims\jni.cpp, line 520]
Event: 4991.142 Thread 0x00000208de159550 Exception <a 'sun/nio/fs/WindowsException'{0x00000000d58c1bb0}> (0x00000000d58c1bb0) 
thrown [s\src\hotspot\share\prims\jni.cpp, line 520]
Event: 5008.952 Thread 0x00000208de159550 Exception <a 'sun/nio/fs/WindowsException'{0x00000000d59dbbb8}> (0x00000000d59dbbb8) 
thrown [s\src\hotspot\share\prims\jni.cpp, line 520]
Event: 5009.300 Thread 0x00000208de159550 Exception <a 'sun/nio/fs/WindowsException'{0x00000000d5628110}> (0x00000000d5628110) 
thrown [s\src\hotspot\share\prims\jni.cpp, line 520]
Event: 5051.080 Thread 0x00000208dfb9d650 Exception <a 'sun/nio/fs/WindowsException'{0x00000000d57bebb0}> (0x00000000d57bebb0) 
thrown [s\src\hotspot\share\prims\jni.cpp, line 520]
Event: 5051.081 Thread 0x00000208dfb9d650 Exception <a 'sun/nio/fs/WindowsException'{0x00000000d57bf698}> (0x00000000d57bf698) 
thrown [s\src\hotspot\share\prims\jni.cpp, line 520]
Event: 5081.237 Thread 0x00000208de159550 Exception <a 'sun/nio/fs/WindowsException'{0x00000000d55e96e0}> (0x00000000d55e96e0) 
thrown [s\src\hotspot\share\prims\jni.cpp, line 520]
Event: 5081.722 Thread 0x00000208de159550 Exception <a 'sun/nio/fs/WindowsException'{0x00000000d55abaa0}> (0x00000000d55abaa0) 
thrown [s\src\hotspot\share\prims\jni.cpp, line 520]
Event: 5083.800 Thread 0x00000208de159550 Exception <a 'sun/nio/fs/WindowsException'{0x00000000d57ec5f8}> (0x00000000d57ec5f8) 
thrown [s\src\hotspot\share\prims\jni.cpp, line 520]
Event: 5084.434 Thread 0x00000208de159550 Exception <a 'sun/nio/fs/WindowsException'{0x00000000d55de880}> (0x00000000d55de880) 
thrown [s\src\hotspot\share\prims\jni.cpp, line 520]

ZGC Phase Switch (0 events):
No events

VM Operations (20 events):
Event: 5084.572 Executing VM operation: ParallelGCFailedAllocation (Allocation Failure)
Event: 5084.575 Executing VM operation: ParallelGCFailedAllocation (Allocation Failure) done
Event: 5084.594 Executing VM operation: ParallelGCFailedAllocation (Allocation Failure)
Event: 5084.596 Executing VM operation: ParallelGCFailedAllocation (Allocation Failure) done
Event: 5084.605 Executing VM operation: ParallelGCFailedAllocation (Allocation Failure)
Event: 5084.609 Executing VM operation: ParallelGCFailedAllocation (Allocation Failure) done
Event: 5084.626 Executing VM operation: ParallelGCFailedAllocation (Allocation Failure)
Event: 5084.629 Executing VM operation: ParallelGCFailedAllocation (Allocation Failure) done
Event: 5084.648 Executing VM operation: ParallelGCFailedAllocation (Allocation Failure)
Event: 5084.652 Executing VM operation: ParallelGCFailedAllocation (Allocation Failure) done
Event: 5084.700 Executing VM operation: ParallelGCFailedAllocation (Allocation Failure)
Event: 5084.704 Executing VM operation: ParallelGCFailedAllocation (Allocation Failure) done
Event: 5084.722 Executing VM operation: ParallelGCFailedAllocation (Allocation Failure)
Event: 5084.728 Executing VM operation: ParallelGCFailedAllocation (Allocation Failure) done
Event: 5084.750 Executing VM operation: ParallelGCFailedAllocation (Allocation Failure)
Event: 5084.753 Executing VM operation: ParallelGCFailedAllocation (Allocation Failure) done
Event: 5084.770 Executing VM operation: ParallelGCFailedAllocation (Allocation Failure)
Event: 5084.773 Executing VM operation: ParallelGCFailedAllocation (Allocation Failure) done
Event: 5084.803 Executing VM operation: ParallelGCFailedAllocation (Allocation Failure)
Event: 5084.806 Executing VM operation: ParallelGCFailedAllocation (Allocation Failure) done

Memory protections (0 events):
No events

Nmethod flushes (20 events):
Event: 4944.095 Thread 0x00000208ff04eb40 flushing  nmethod 0x000002088655d510
Event: 4944.095 Thread 0x00000208ff04eb40 flushing  nmethod 0x00000208865c8290
Event: 4944.095 Thread 0x00000208ff04eb40 flushing  nmethod 0x00000208865c8690
Event: 4944.095 Thread 0x00000208ff04eb40 flushing  nmethod 0x00000208866e3110
Event: 4944.095 Thread 0x00000208ff04eb40 flushing  nmethod 0x000002088678d490
Event: 4944.095 Thread 0x00000208ff04eb40 flushing  nmethod 0x00000208867b7d90
Event: 4944.095 Thread 0x00000208ff04eb40 flushing  nmethod 0x00000208867cdc10
Event: 4944.095 Thread 0x00000208ff04eb40 flushing  nmethod 0x00000208867ce290
Event: 4944.095 Thread 0x00000208ff04eb40 flushing  nmethod 0x000002088686dc10
Event: 4944.095 Thread 0x00000208ff04eb40 flushing  nmethod 0x000002088686ea90
Event: 4944.095 Thread 0x00000208ff04eb40 flushing  nmethod 0x000002088692f810
Event: 4944.095 Thread 0x00000208ff04eb40 flushing  nmethod 0x0000020886a47090
Event: 4944.095 Thread 0x00000208ff04eb40 flushing  nmethod 0x0000020886b07910
Event: 4944.095 Thread 0x00000208ff04eb40 flushing  nmethod 0x0000020886b08790
Event: 4944.095 Thread 0x00000208ff04eb40 flushing  nmethod 0x0000020886b0b390
Event: 4944.095 Thread 0x00000208ff04eb40 flushing  nmethod 0x0000020886b1fb90
Event: 4944.095 Thread 0x00000208ff04eb40 flushing  nmethod 0x0000020886b21390
Event: 4944.095 Thread 0x00000208ff04eb40 flushing  nmethod 0x0000020886b25390
Event: 4944.095 Thread 0x00000208ff04eb40 flushing  nmethod 0x0000020886b2c710
Event: 4944.095 Thread 0x00000208ff04eb40 flushing  nmethod 0x0000020886b33d90

Events (20 events):
Event: 4713.944 Thread 0x00000208dfba1e80 Thread exited: 0x00000208dfba1e80
Event: 4713.944 Thread 0x00000208df667ce0 Thread exited: 0x00000208df667ce0
Event: 4713.944 Thread 0x00000208dfba17f0 Thread exited: 0x00000208dfba17f0
Event: 4742.664 Thread 0x00000208df666930 Thread added: 0x00000208de0a7570
Event: 4742.679 Thread 0x00000208e0a72020 Thread added: 0x00000208de0a7c00
Event: 4742.707 Thread 0x00000208df667650 Thread added: 0x00000208de0ade70
Event: 4742.788 Thread 0x00000208de0a7570 Thread added: 0x00000208de0a8920
Event: 4751.227 Thread 0x00000208df667650 Thread added: 0x00000208de0a8fb0
Event: 4757.729 Thread 0x00000208df667650 Thread added: 0x00000208dfb9d650
Event: 4810.790 Thread 0x00000208962f93d0 Thread added: 0x00000208e2e15d80
Event: 4810.791 Thread 0x00000208962f93d0 Thread added: 0x00000208e2e16b20
Event: 4811.147 Thread 0x00000208e2e16b20 Thread exited: 0x00000208e2e16b20
Event: 4811.152 Thread 0x00000208e2e15d80 Thread exited: 0x00000208e2e15d80
Event: 5051.087 Thread 0x00000208dfb9d650 Thread added: 0x00000208dfba0440
Event: 5051.090 Thread 0x00000208dfba0440 Thread exited: 0x00000208dfba0440
Event: 5051.247 Thread 0x00000208962f93d0 Thread added: 0x00000208e2e171f0
Event: 5056.356 Thread 0x00000208e2e171f0 Thread exited: 0x00000208e2e171f0
Event: 5069.131 Thread 0x00000208de0a8fb0 Thread exited: 0x00000208de0a8fb0
Event: 5080.295 Thread 0x00000208de0a8920 Thread exited: 0x00000208de0a8920
Event: 5081.054 Thread 0x00000208de0ade70 Thread added: 0x00000208dfba1160


Dynamic libraries:
0x00007ff7694d0000 - 0x00007ff7694de000 	c:\Users\nguye\.vscode\extensions\redhat.java-1.46.0-win32-x64\jre\21.0.8-win32-x86_64\bin\java.exe
0x00007ffcf4b70000 - 0x00007ffcf4d87000 	C:\WINDOWS\SYSTEM32\ntdll.dll
0x00007ffcf2eb0000 - 0x00007ffcf2f74000 	C:\WINDOWS\System32\KERNEL32.DLL
0x00007ffcf1d10000 - 0x00007ffcf20e2000 	C:\WINDOWS\System32\KERNELBASE.dll
0x00007ffcf2440000 - 0x00007ffcf2551000 	C:\WINDOWS\System32\ucrtbase.dll
0x00007ffcc7df0000 - 0x00007ffcc7e08000 	c:\Users\nguye\.vscode\extensions\redhat.java-1.46.0-win32-x64\jre\21.0.8-win32-x86_64\bin\jli.dll
0x00007ffcf28c0000 - 0x00007ffcf2a71000 	C:\WINDOWS\System32\USER32.dll
0x00007ffcf22b0000 - 0x00007ffcf22d6000 	C:\WINDOWS\System32\win32u.dll
0x00007ffcf3490000 - 0x00007ffcf34b9000 	C:\WINDOWS\System32\GDI32.dll
0x00007ffcf26d0000 - 0x00007ffcf27f3000 	C:\WINDOWS\System32\gdi32full.dll
0x00007ffcf23a0000 - 0x00007ffcf243a000 	C:\WINDOWS\System32\msvcp_win.dll
0x00007ffcc7dd0000 - 0x00007ffcc7dee000 	c:\Users\nguye\.vscode\extensions\redhat.java-1.46.0-win32-x64\jre\21.0.8-win32-x86_64\bin\VCRUNTIME140.dll
0x00007ffcdbb10000 - 0x00007ffcdbdab000 	C:\WINDOWS\WinSxS\amd64_microsoft.windows.common-controls_6595b64144ccf1df_6.0.22621.5697_none_27154c497380d676\COMCTL32.dll
0x00007ffcf3e10000 - 0x00007ffcf3eb7000 	C:\WINDOWS\System32\msvcrt.dll
0x00007ffcf2d10000 - 0x00007ffcf2d41000 	C:\WINDOWS\System32\IMM32.DLL
0x00007ffce0890000 - 0x00007ffce089c000 	c:\Users\nguye\.vscode\extensions\redhat.java-1.46.0-win32-x64\jre\21.0.8-win32-x86_64\bin\vcruntime140_1.dll
0x00007ffcaef00000 - 0x00007ffcaef8d000 	c:\Users\nguye\.vscode\extensions\redhat.java-1.46.0-win32-x64\jre\21.0.8-win32-x86_64\bin\msvcp140.dll
0x00007ffc3e970000 - 0x00007ffc3f707000 	c:\Users\nguye\.vscode\extensions\redhat.java-1.46.0-win32-x64\jre\21.0.8-win32-x86_64\bin\server\jvm.dll
0x00007ffcf2800000 - 0x00007ffcf28b1000 	C:\WINDOWS\System32\ADVAPI32.dll
0x00007ffcf4a80000 - 0x00007ffcf4b28000 	C:\WINDOWS\System32\sechost.dll
0x00007ffcf1c60000 - 0x00007ffcf1c88000 	C:\WINDOWS\System32\bcrypt.dll
0x00007ffcf38d0000 - 0x00007ffcf39e7000 	C:\WINDOWS\System32\RPCRT4.dll
0x00007ffcf3d90000 - 0x00007ffcf3e01000 	C:\WINDOWS\System32\WS2_32.dll
0x00007ffcf1b40000 - 0x00007ffcf1b8d000 	C:\WINDOWS\SYSTEM32\POWRPROF.dll
0x00007ffcef760000 - 0x00007ffcef794000 	C:\WINDOWS\SYSTEM32\WINMM.dll
0x00007ffcea020000 - 0x00007ffcea02a000 	C:\WINDOWS\SYSTEM32\VERSION.dll
0x00007ffcf1b10000 - 0x00007ffcf1b23000 	C:\WINDOWS\SYSTEM32\UMPDC.dll
0x00007ffcf0be0000 - 0x00007ffcf0bf8000 	C:\WINDOWS\SYSTEM32\kernel.appcore.dll
0x00007ffce0440000 - 0x00007ffce044a000 	c:\Users\nguye\.vscode\extensions\redhat.java-1.46.0-win32-x64\jre\21.0.8-win32-x86_64\bin\jimage.dll
0x00007ffcef520000 - 0x00007ffcef753000 	C:\WINDOWS\SYSTEM32\DBGHELP.DLL
0x00007ffcf39f0000 - 0x00007ffcf3d82000 	C:\WINDOWS\System32\combase.dll
0x00007ffcf2d50000 - 0x00007ffcf2e28000 	C:\WINDOWS\System32\OLEAUT32.dll
0x00007ffcef4e0000 - 0x00007ffcef512000 	C:\WINDOWS\SYSTEM32\dbgcore.DLL
0x00007ffcf1c90000 - 0x00007ffcf1d0b000 	C:\WINDOWS\System32\bcryptPrimitives.dll
0x00007ffcde690000 - 0x00007ffcde69f000 	c:\Users\nguye\.vscode\extensions\redhat.java-1.46.0-win32-x64\jre\21.0.8-win32-x86_64\bin\instrument.dll
0x00007ffcc6220000 - 0x00007ffcc623f000 	c:\Users\nguye\.vscode\extensions\redhat.java-1.46.0-win32-x64\jre\21.0.8-win32-x86_64\bin\java.dll
0x00007ffcf3ec0000 - 0x00007ffcf4761000 	C:\WINDOWS\System32\SHELL32.dll
0x00007ffcf20f0000 - 0x00007ffcf222f000 	C:\WINDOWS\System32\wintypes.dll
0x00007ffcefb40000 - 0x00007ffcf045a000 	C:\WINDOWS\SYSTEM32\windows.storage.dll
0x00007ffcf4780000 - 0x00007ffcf488b000 	C:\WINDOWS\System32\SHCORE.dll
0x00007ffcf34c0000 - 0x00007ffcf3529000 	C:\WINDOWS\System32\shlwapi.dll
0x00007ffcf1b90000 - 0x00007ffcf1bbb000 	C:\WINDOWS\SYSTEM32\profapi.dll
0x00007ffcbaaa0000 - 0x00007ffcbaab8000 	c:\Users\nguye\.vscode\extensions\redhat.java-1.46.0-win32-x64\jre\21.0.8-win32-x86_64\bin\zip.dll
0x00007ffcda4e0000 - 0x00007ffcda4f0000 	C:\Users\nguye\.vscode\extensions\redhat.java-1.46.0-win32-x64\jre\21.0.8-win32-x86_64\bin\net.dll
0x00007ffce9b80000 - 0x00007ffce9cac000 	C:\WINDOWS\SYSTEM32\WINHTTP.dll
0x00007ffcf1110000 - 0x00007ffcf1179000 	C:\WINDOWS\system32\mswsock.dll
0x00007ffcbaa80000 - 0x00007ffcbaa96000 	C:\Users\nguye\.vscode\extensions\redhat.java-1.46.0-win32-x64\jre\21.0.8-win32-x86_64\bin\nio.dll
0x00007ffcda350000 - 0x00007ffcda360000 	c:\Users\nguye\.vscode\extensions\redhat.java-1.46.0-win32-x64\jre\21.0.8-win32-x86_64\bin\verify.dll
0x00007ffcae4b0000 - 0x00007ffcae4f4000 	C:\Users\nguye\AppData\Roaming\Code\User\globalStorage\redhat.java\1.46.0\config_win\org.eclipse.equinox.launcher\org.eclipse.equinox.launcher.win32.win32.x86_64_1.2.1400.v20250801-0854\eclipse_11916.dll
0x00007ffcf3530000 - 0x00007ffcf36d0000 	C:\WINDOWS\System32\ole32.dll
0x00007ffcf1370000 - 0x00007ffcf138b000 	C:\WINDOWS\SYSTEM32\CRYPTSP.dll
0x00007ffcf0ba0000 - 0x00007ffcf0bd7000 	C:\WINDOWS\system32\rsaenh.dll
0x00007ffcf1200000 - 0x00007ffcf1228000 	C:\WINDOWS\SYSTEM32\USERENV.dll
0x00007ffcf1360000 - 0x00007ffcf136c000 	C:\WINDOWS\SYSTEM32\CRYPTBASE.dll
0x00007ffcf0700000 - 0x00007ffcf072d000 	C:\WINDOWS\SYSTEM32\IPHLPAPI.DLL
0x00007ffcf4770000 - 0x00007ffcf4779000 	C:\WINDOWS\System32\NSI.dll
0x00007ffcac6f0000 - 0x00007ffcac739000 	C:\Users\nguye\AppData\Local\Temp\jna-104772072\jna16025288196177610117.dll
0x00007ffcf2e30000 - 0x00007ffcf2e38000 	C:\WINDOWS\System32\PSAPI.DLL
0x00007ffce99b0000 - 0x00007ffce99c9000 	C:\WINDOWS\SYSTEM32\dhcpcsvc6.DLL
0x00007ffce9990000 - 0x00007ffce99af000 	C:\WINDOWS\SYSTEM32\dhcpcsvc.DLL
0x00007ffcd7930000 - 0x00007ffcd793e000 	C:\Users\nguye\.vscode\extensions\redhat.java-1.46.0-win32-x64\jre\21.0.8-win32-x86_64\bin\sunmscapi.dll
0x00007ffcf2560000 - 0x00007ffcf26c8000 	C:\WINDOWS\System32\CRYPT32.dll
0x00007ffcf1500000 - 0x00007ffcf152d000 	C:\WINDOWS\SYSTEM32\ncrypt.dll
0x00007ffcf14c0000 - 0x00007ffcf14f7000 	C:\WINDOWS\SYSTEM32\NTASN1.dll
0x00007ffcf0730000 - 0x00007ffcf0828000 	C:\WINDOWS\SYSTEM32\DNSAPI.dll
0x000000006df50000 - 0x000000006df76000 	C:\Program Files\Bonjour\mdnsNSP.dll
0x00007ffce78e0000 - 0x00007ffce78ea000 	C:\Windows\System32\rasadhlp.dll
0x00007ffce8100000 - 0x00007ffce8184000 	C:\WINDOWS\System32\fwpuclnt.dll
0x00007ffcd7920000 - 0x00007ffcd7929000 	C:\Users\nguye\.vscode\extensions\redhat.java-1.46.0-win32-x64\jre\21.0.8-win32-x86_64\bin\extnet.dll
0x00007ffcf0d50000 - 0x00007ffcf0d84000 	C:\WINDOWS\SYSTEM32\ntmarta.dll

JVMTI agents:
c:\Users\nguye\.vscode\extensions\redhat.java-1.46.0-win32-x64\lombok\lombok-1.18.39-4050.jar path:c:\Users\nguye\.vscode\extensions\redhat.java-1.46.0-win32-x64\jre\21.0.8-win32-x86_64\bin\instrument.dll, loaded, initialized, instrumentlib options:none

dbghelp: loaded successfully - version: 4.0.5 - missing functions: none
symbol engine: initialized successfully - sym options: 0x614 - pdb path: .;c:\Users\nguye\.vscode\extensions\redhat.java-1.46.0-win32-x64\jre\21.0.8-win32-x86_64\bin;C:\WINDOWS\SYSTEM32;C:\WINDOWS\WinSxS\amd64_microsoft.windows.common-controls_6595b64144ccf1df_6.0.22621.5697_none_27154c497380d676;c:\Users\nguye\.vscode\extensions\redhat.java-1.46.0-win32-x64\jre\21.0.8-win32-x86_64\bin\server;C:\Users\nguye\AppData\Roaming\Code\User\globalStorage\redhat.java\1.46.0\config_win\org.eclipse.equinox.launcher\org.eclipse.equinox.launcher.win32.win32.x86_64_1.2.1400.v20250801-0854;C:\Users\nguye\AppData\Local\Temp\jna-104772072;C:\Program Files\Bonjour

VM Arguments:
jvm_args: --add-modules=ALL-SYSTEM --add-opens=java.base/java.util=ALL-UNNAMED --add-opens=java.base/java.lang=ALL-UNNAMED --add-opens=java.base/sun.nio.fs=ALL-UNNAMED -Declipse.application=org.eclipse.jdt.ls.core.id1 -Dosgi.bundles.defaultStartLevel=4 -Declipse.product=org.eclipse.jdt.ls.core.product -Djava.import.generatesMetadataFilesAtProjectRoot=false -DDetectVMInstallationsJob.disabled=true -Dfile.encoding=utf8 -XX:+UseParallelGC -XX:GCTimeRatio=4 -XX:AdaptiveSizePolicyWeight=90 -Dsun.zip.disableMemoryMapping=true -Xmx2G -Xms100m -Xlog:disable -javaagent:c:\Users\nguye\.vscode\extensions\redhat.java-1.46.0-win32-x64\lombok\lombok-1.18.39-4050.jar -XX:+HeapDumpOnOutOfMemoryError -XX:HeapDumpPath=c:\Users\nguye\AppData\Roaming\Code\User\workspaceStorage\d2f4087ab43870e242eb170e667108ed\redhat.java -Daether.dependencyCollector.impl=bf 
java_command: c:\Users\nguye\.vscode\extensions\redhat.java-1.46.0-win32-x64\server\plugins\org.eclipse.equinox.launcher_1.7.0.v20250519-0528.jar -configuration c:\Users\nguye\AppData\Roaming\Code\User\globalStorage\redhat.java\1.46.0\config_win -data c:\Users\nguye\AppData\Roaming\Code\User\workspaceStorage\d2f4087ab43870e242eb170e667108ed\redhat.java\jdt_ws --pipe=\\.\pipe\lsp-d0ca55a769f539050b07ef0226c3f6d9-sock
java_class_path (initial): c:\Users\nguye\.vscode\extensions\redhat.java-1.46.0-win32-x64\server\plugins\org.eclipse.equinox.launcher_1.7.0.v20250519-0528.jar
Launcher Type: SUN_STANDARD

[Global flags]
    uintx AdaptiveSizePolicyWeight                 = 90                                        {product} {command line}
     intx CICompilerCount                          = 4                                         {product} {ergonomic}
    uintx GCTimeRatio                              = 4                                         {product} {command line}
     bool HeapDumpOnOutOfMemoryError               = true                                   {manageable} {command line}
    ccstr HeapDumpPath                             = c:\Users\nguye\AppData\Roaming\Code\User\workspaceStorage\d2f4087ab43870e242eb170e667108ed\redhat.java         {manageable} {command line}
   size_t InitialHeapSize                          = 104857600                                 {product} {command line}
   size_t MaxHeapSize                              = 2147483648                                {product} {command line}
   size_t MaxNewSize                               = 715653120                                 {product} {ergonomic}
   size_t MinHeapDeltaBytes                        = 524288                                    {product} {ergonomic}
   size_t MinHeapSize                              = 104857600                                 {product} {command line}
   size_t NewSize                                  = 34603008                                  {product} {ergonomic}
    uintx NonNMethodCodeHeapSize                   = 5839372                                {pd product} {ergonomic}
    uintx NonProfiledCodeHeapSize                  = 122909434                              {pd product} {ergonomic}
   size_t OldSize                                  = 70254592                                  {product} {ergonomic}
    uintx ProfiledCodeHeapSize                     = 122909434                              {pd product} {ergonomic}
    uintx ReservedCodeCacheSize                    = 251658240                              {pd product} {ergonomic}
     bool SegmentedCodeCache                       = true                                      {product} {ergonomic}
   size_t SoftMaxHeapSize                          = 2147483648                             {manageable} {ergonomic}
     bool UseCompressedOops                        = true                           {product lp64_product} {ergonomic}
     bool UseLargePagesIndividualAllocation        = false                                  {pd product} {ergonomic}
     bool UseParallelGC                            = true                                      {product} {command line}

Logging:
Log output configuration:
 #0: stdout all=off uptime,level,tags foldmultilines=false
 #1: stderr all=off uptime,level,tags foldmultilines=false

Environment Variables:
JAVA_HOME=C:\Program Files\Java\jdk-22
PATH=C:\Program Files\Common Files\Oracle\Java\javapath;C:\ProgramData\Oracle\Java\javapath;C:\Program Files (x86)\VMware\VMware Workstation\bin\;C:\Program Files (x86)\Common Files\Oracle\Java\javapath;C:\WINDOWS\system32;C:\WINDOWS;C:\WINDOWS\System32\Wbem;C:\WINDOWS\System32\WindowsPowerShell\v1.0\;C:\WINDOWS\System32\OpenSSH\;C:\Program Files\Azure Data Studio\bin;C:\Program Files (x86)\Microsoft SQL Server\160\Tools\Binn\;C:\Program Files\Microsoft SQL Server\160\Tools\Binn\;C:\Program Files\Microsoft SQL Server\Client SDK\ODBC\170\Tools\Binn\;C:\Program Files\Microsoft SQL Server\160\DTS\Binn\;C:\Program Files (x86)\Microsoft SQL Server\160\DTS\Binn\;C:\Program Files\Microsoft SQL Server\150\Tools\Binn\;C:\Program Files\Git\cmd;C:\Program Files\Java\jdk-22\bin;D:\Lap trinh web\apache-maven-3.9.9\bin;C:\Program Files\dotnet\;C:\Program Files\WireSock VPN Client\bin\;c:\Users\nguye\AppData\Local\Programs\cursor\resources\app\codeBin;C:\Users\nguye\AppData\Local\Programs\Python\Python312\Scripts\;C:\Users\nguye\AppData\Local\Programs\Python\Python312\;C:\Users\nguye\AppData\Local\Microsoft\WindowsApps;C:\Users\nguye\AppData\Local\Programs\Microsoft VS Code\bin;C:\msys64\ucrt64\bin;C:\Program Files\Azure Data Studio\bin;C:\Users\nguye\.dotnet\tools;C:\Users\nguye\.lmstudio\bin;C:\Users\nguye\AppData\Local\Programs\Microsoft VS Code Insiders\bin;C:\Users\nguye\.dotnet\tools;C:\Users\nguye\AppData\Local\Programs\cursor\resources\app\bin
USERNAME=nguye
OS=Windows_NT
PROCESSOR_IDENTIFIER=Intel64 Family 6 Model 126 Stepping 5, GenuineIntel
TMP=C:\Users\nguye\AppData\Local\Temp
TEMP=C:\Users\nguye\AppData\Local\Temp




Periodic native trim disabled

---------------  S Y S T E M  ---------------

OS:
 Windows 11 , 64 bit Build 22621 (10.0.22621.5415)
OS uptime: 0 days 2:42 hours

CPU: total 8 (initial active 8) (4 cores per cpu, 2 threads per core) family 6 model 126 stepping 5 microcode 0xc2, cx8, cmov, fxsr, ht, mmx, 3dnowpref, sse, sse2, sse3, ssse3, sse4.1, sse4.2, popcnt, lzcnt, tsc, tscinvbit, avx, avx2, aes, erms, clmul, bmi1, bmi2, adx, avx512f, avx512dq, avx512cd, avx512bw, avx512vl, sha, fma, vzeroupper, avx512_vpopcntdq, avx512_vpclmulqdq, avx512_vaes, avx512_vnni, clflush, clflushopt, avx512_vbmi2, avx512_vbmi, rdtscp, rdpid, fsrm, gfni, avx512_bitalg, f16c, pku, avx512_ifma
Processor Information for the first 8 processors :
  Max Mhz: 1190, Current Mhz: 991, Mhz Limit: 987

Memory: 4k page, system-wide physical 7959M (485M free)
TotalPageFile size 32535M (AvailPageFile size 0M)
current process WorkingSet (physical memory assigned to process): 581M, peak: 1605M
current process commit charge ("private bytes"): 1439M, peak: 1839M

vm_info: OpenJDK 64-Bit Server VM (21.0.8+9-LTS) for windows-amd64 JRE (21.0.8+9-LTS), built on 2025-07-15T00:00:00Z by "admin" with MS VC++ 17.7 (VS2022)

END.
